# Logfile created on 2014-07-12 14:11:13 +0700 by logger.rb/31641
I, [2014-07-12T14:11:13.749619 #1088]  INFO -- : 0:  addressable (2.3.6) from /Users/julian/.rbenv/versions/1.9.3-p327/lib/ruby/gems/1.9.1/specifications/addressable-2.3.6.gemspec
I, [2014-07-12T14:11:15.837060 #1088]  INFO -- : 0:  timers (1.1.0) from /Users/julian/.rbenv/versions/1.9.3-p327/lib/ruby/gems/1.9.1/specifications/timers-1.1.0.gemspec
I, [2014-07-12T14:11:17.902152 #1088]  INFO -- : 0:  celluloid (0.15.2) from /Users/julian/.rbenv/versions/1.9.3-p327/lib/ruby/gems/1.9.1/specifications/celluloid-0.15.2.gemspec
I, [2014-07-12T14:11:17.908379 #1088]  INFO -- : 0:  coderay (1.1.0) from /Users/julian/.rbenv/versions/1.9.3-p327/lib/ruby/gems/1.9.1/specifications/coderay-1.1.0.gemspec
I, [2014-07-12T14:11:21.226173 #1088]  INFO -- : 0:  execjs (2.2.1) from /Users/julian/.rbenv/versions/1.9.3-p327/lib/ruby/gems/1.9.1/specifications/execjs-2.2.1.gemspec
I, [2014-07-12T14:11:21.228581 #1088]  INFO -- : 0:  ffi (1.9.3) from /Users/julian/.rbenv/versions/1.9.3-p327/lib/ruby/gems/1.9.1/specifications/ffi-1.9.3.gemspec
I, [2014-07-12T14:11:21.229005 #1088]  INFO -- : 0:  trollop (2.0) from /Users/julian/.rbenv/versions/1.9.3-p327/lib/ruby/gems/1.9.1/specifications/trollop-2.0.gemspec
I, [2014-07-12T14:11:21.229368 #1088]  INFO -- : 0:  filewatcher (0.3.4) from /Users/julian/.rbenv/versions/1.9.3-p327/lib/ruby/gems/1.9.1/specifications/filewatcher-0.3.4.gemspec
I, [2014-07-12T14:11:22.991622 #1088]  INFO -- : 0:  formatador (0.2.5) from /Users/julian/.rbenv/versions/1.9.3-p327/lib/ruby/gems/1.9.1/specifications/formatador-0.2.5.gemspec
I, [2014-07-12T14:11:22.993673 #1088]  INFO -- : 0:  rb-fsevent (0.9.4) from /Users/julian/.rbenv/versions/1.9.3-p327/lib/ruby/gems/1.9.1/specifications/rb-fsevent-0.9.4.gemspec
I, [2014-07-12T14:11:25.055375 #1088]  INFO -- : 0:  rb-inotify (0.9.5) from /Users/julian/.rbenv/versions/1.9.3-p327/lib/ruby/gems/1.9.1/specifications/rb-inotify-0.9.5.gemspec
I, [2014-07-12T14:11:27.078021 #1088]  INFO -- : 0:  listen (2.7.9) from /Users/julian/.rbenv/versions/1.9.3-p327/lib/ruby/gems/1.9.1/specifications/listen-2.7.9.gemspec
I, [2014-07-12T14:11:28.981328 #1088]  INFO -- : 0:  lumberjack (1.0.9) from /Users/julian/.rbenv/versions/1.9.3-p327/lib/ruby/gems/1.9.1/specifications/lumberjack-1.0.9.gemspec
I, [2014-07-12T14:11:28.984679 #1088]  INFO -- : 0:  method_source (0.8.2) from /Users/julian/.rbenv/versions/1.9.3-p327/lib/ruby/gems/1.9.1/specifications/method_source-0.8.2.gemspec
I, [2014-07-12T14:11:31.768281 #1088]  INFO -- : 0:  slop (3.5.0) from /Users/julian/.rbenv/versions/1.9.3-p327/lib/ruby/gems/1.9.1/specifications/slop-3.5.0.gemspec
I, [2014-07-12T14:11:35.020869 #1088]  INFO -- : 0:  pry (0.10.0) from /Users/julian/.rbenv/versions/1.9.3-p327/lib/ruby/gems/1.9.1/specifications/pry-0.10.0.gemspec
I, [2014-07-12T14:11:40.257437 #1088]  INFO -- : 0:  thor (0.19.1) from /Users/julian/.rbenv/versions/1.9.3-p327/lib/ruby/gems/1.9.1/specifications/thor-0.19.1.gemspec
I, [2014-07-12T14:11:42.906885 #1088]  INFO -- : 0:  guard (2.6.1) from /Users/julian/.rbenv/versions/1.9.3-p327/lib/ruby/gems/1.9.1/specifications/guard-2.6.1.gemspec
I, [2014-07-12T14:11:51.398247 #1088]  INFO -- : 0:  sass (3.3.10) from /Users/julian/.rbenv/versions/1.9.3-p327/lib/ruby/gems/1.9.1/specifications/sass-3.3.10.gemspec
I, [2014-07-12T14:11:54.507701 #1088]  INFO -- : 0:  guard-sass (1.4.0) from /Users/julian/.rbenv/versions/1.9.3-p327/lib/ruby/gems/1.9.1/specifications/guard-sass-1.4.0.gemspec
I, [2014-07-12T14:11:57.161335 #1088]  INFO -- : 0:  guard-shell (0.6.1) from /Users/julian/.rbenv/versions/1.9.3-p327/lib/ruby/gems/1.9.1/specifications/guard-shell-0.6.1.gemspec
I, [2014-07-12T14:11:57.162857 #1088]  INFO -- : 0:  hike (1.2.3) from /Users/julian/.rbenv/versions/1.9.3-p327/lib/ruby/gems/1.9.1/specifications/hike-1.2.3.gemspec
I, [2014-07-12T14:12:00.198483 #1088]  INFO -- : 0:  multi_json (1.10.1) from /Users/julian/.rbenv/versions/1.9.3-p327/lib/ruby/gems/1.9.1/specifications/multi_json-1.10.1.gemspec
I, [2014-07-12T14:12:00.201485 #1088]  INFO -- : 0:  rack (1.5.2) from /Users/julian/.rbenv/versions/1.9.3-p327/lib/ruby/gems/1.9.1/specifications/rack-1.5.2.gemspec
I, [2014-07-12T14:12:00.201936 #1088]  INFO -- : 0:  tilt (1.4.1) from /Users/julian/.rbenv/versions/1.9.3-p327/lib/ruby/gems/1.9.1/specifications/tilt-1.4.1.gemspec
I, [2014-07-12T14:12:02.474175 #1088]  INFO -- : 0:  sprockets (2.12.1) from /Users/julian/.rbenv/versions/1.9.3-p327/lib/ruby/gems/1.9.1/specifications/sprockets-2.12.1.gemspec
I, [2014-07-12T14:12:05.889234 #1088]  INFO -- : 0:  guard-sprockets (1.1.0) from /Users/julian/.rbenv/versions/1.9.3-p327/lib/ruby/gems/1.9.1/specifications/guard-sprockets-1.1.0.gemspec
I, [2014-07-12T14:12:05.890960 #1088]  INFO -- : 0:  json (1.8.1) from /Users/julian/.rbenv/versions/1.9.3-p327/lib/ruby/gems/1.9.1/specifications/json-1.8.1.gemspec
I, [2014-07-12T14:12:05.891438 #1088]  INFO -- : 0:  multi_xml (0.5.5) from /Users/julian/.rbenv/versions/1.9.3-p327/lib/ruby/gems/1.9.1/specifications/multi_xml-0.5.5.gemspec
I, [2014-07-12T14:12:05.891833 #1088]  INFO -- : 0:  httparty (0.13.1) from /Users/julian/.rbenv/versions/1.9.3-p327/lib/ruby/gems/1.9.1/specifications/httparty-0.13.1.gemspec
I, [2014-07-12T14:12:07.735673 #1088]  INFO -- : 0:  launchy (2.4.2) from /Users/julian/.rbenv/versions/1.9.3-p327/lib/ruby/gems/1.9.1/specifications/launchy-2.4.2.gemspec
I, [2014-07-12T14:12:07.739347 #1088]  INFO -- : 0:  mimemagic (0.2.1) from /Users/julian/.rbenv/versions/1.9.3-p327/lib/ruby/gems/1.9.1/specifications/mimemagic-0.2.1.gemspec
I, [2014-07-12T14:12:07.739808 #1088]  INFO -- : 0:  shopify_theme (0.0.19) from /Users/julian/.rbenv/versions/1.9.3-p327/lib/ruby/gems/1.9.1/specifications/shopify_theme-0.0.19.gemspec
I, [2014-07-12T14:12:10.055362 #1088]  INFO -- : 0:  uglifier (2.5.1) from /Users/julian/.rbenv/versions/1.9.3-p327/lib/ruby/gems/1.9.1/specifications/uglifier-2.5.1.gemspec
I, [2014-07-12T14:12:10.057622 #1088]  INFO -- : 0:  bundler (1.5.1) from /Users/julian/.rbenv/versions/1.9.3-p327/lib/ruby/gems/1.9.1/specifications/bundler-1.5.1.gemspec
